<?xml version="1.0" encoding="UTF-8"?>
<!-- Generated by org.testng.reporters.JUnitXMLReporter -->
<testsuite hostname="alvin" ignored="4" name="用户模块" tests="3" failures="0" timestamp="2023-06-24T09:45:31 CST" time="0.12" errors="0">
  <testcase name="@BeforeSuite init" time="2.377" classname="com.alvin.cases.BaseCase">
    <failure type="java.lang.NullPointerException">
      <![CDATA[java.lang.NullPointerException
at com.alvin.utils.MysqlUtils.getRandomMember(MysqlUtils.java:78)
at com.alvin.cases.BaseCase.init(BaseCase.java:140)
... Removed 23 stack frames]]>
    </failure>
  </testcase> <!-- @BeforeSuite init -->
  <testcase name="test_RegisterCase" time="0.0" classname="com.alvin.cases.RegisterCase">
    <skipped/>
  </testcase> <!-- test_RegisterCase -->
  <testcase name="test_LoginCase" time="0.0" classname="com.alvin.cases.LoginCase">
    <skipped/>
  </testcase> <!-- test_LoginCase -->
  <testcase name="test_RechargeCase" time="0.0" classname="com.alvin.cases.RechargeCase">
    <skipped/>
  </testcase> <!-- test_RechargeCase -->
  <testcase name="@BeforeSuite init" time="0.0" classname="com.alvin.cases.BaseCase">
    <ignored/>
  </testcase> <!-- @BeforeSuite init -->
  <testcase name="@AfterSuite finish" time="0.0" classname="com.alvin.cases.BaseCase">
    <ignored/>
  </testcase> <!-- @AfterSuite finish -->
  <testcase name="@AfterSuite finish" time="0.0" classname="com.alvin.cases.BaseCase">
    <ignored/>
  </testcase> <!-- @AfterSuite finish -->
  <testcase name="@BeforeSuite init" time="0.0" classname="com.alvin.cases.BaseCase">
    <ignored/>
  </testcase> <!-- @BeforeSuite init -->
</testsuite> <!-- 用户模块 -->
