<?xml version="1.0" encoding="UTF-8"?>
<testng-results skipped="0" failed="0" total="3" passed="3">
  <reporter-output>
  </reporter-output>
  <suite name="Suite" duration-ms="24946" started-at="2022-07-28T03:31:21Z" finished-at="2022-07-28T03:31:46Z">
    <groups>
    </groups>
    <test name="Test" duration-ms="24946" started-at="2022-07-28T03:31:21Z" finished-at="2022-07-28T03:31:46Z">
      <class name="com.alvin.testcases.LoginTest">
        <test-method status="PASS" signature="setUp(java.lang.String)[pri:0, instance:com.alvin.testcases.LoginTest@75bd9247]" name="setUp" is-config="true" duration-ms="17449" started-at="2022-07-28T11:31:21Z" finished-at="2022-07-28T11:31:39Z">
          <params>
            <param index="0">
              <value>
                <![CDATA[firefox]]>
              </value>
            </param>
          </params>
          <reporter-output>
          </reporter-output>
        </test-method> <!-- setUp -->
        <test-method status="PASS" signature="login_asuccess()[pri:0, instance:com.alvin.testcases.LoginTest@75bd9247]" name="login_asuccess" duration-ms="2032" started-at="2022-07-28T11:31:39Z" finished-at="2022-07-28T11:31:41Z">
          <reporter-output>
          </reporter-output>
        </test-method> <!-- login_asuccess -->
        <test-method status="PASS" signature="login_dfailure_01(java.lang.String, java.lang.String, java.lang.String)[pri:0, instance:com.alvin.testcases.LoginTest@75bd9247]" name="login_dfailure_01" duration-ms="1483" started-at="2022-07-28T11:31:41Z" data-provider="getLoginFailureDatas" finished-at="2022-07-28T11:31:42Z">
          <params>
            <param index="0">
              <value>
                <![CDATA[admin]]>
              </value>
            </param>
            <param index="1">
              <value>
                <![CDATA[123456abc]]>
              </value>
            </param>
            <param index="2">
              <value>
                <![CDATA[登录失败，请检查您的用户名或密码是否填写正确。]]>
              </value>
            </param>
          </params>
          <reporter-output>
          </reporter-output>
        </test-method> <!-- login_dfailure_01 -->
        <test-method status="PASS" signature="login_dfailure_01(java.lang.String, java.lang.String, java.lang.String)[pri:0, instance:com.alvin.testcases.LoginTest@75bd9247]" name="login_dfailure_01" duration-ms="1421" started-at="2022-07-28T11:31:42Z" data-provider="getLoginFailureDatas" finished-at="2022-07-28T11:31:44Z">
          <params>
            <param index="0">
              <value>
                <![CDATA[]]>
              </value>
            </param>
            <param index="1">
              <value>
                <![CDATA[123456abcd]]>
              </value>
            </param>
            <param index="2">
              <value>
                <![CDATA[登录失败，请检查您的用户名或密码是否填写正确。]]>
              </value>
            </param>
          </params>
          <reporter-output>
          </reporter-output>
        </test-method> <!-- login_dfailure_01 -->
        <test-method status="PASS" signature="tearDown()[pri:0, instance:com.alvin.testcases.LoginTest@75bd9247]" name="tearDown" is-config="true" duration-ms="2548" started-at="2022-07-28T11:31:44Z" finished-at="2022-07-28T11:31:46Z">
          <reporter-output>
          </reporter-output>
        </test-method> <!-- tearDown -->
      </class> <!-- com.alvin.testcases.LoginTest -->
    </test> <!-- Test -->
  </suite> <!-- Suite -->
</testng-results>
