<?xml version="1.0" encoding="UTF-8"?>
<!-- Generated by org.testng.reporters.JUnitXMLReporter -->
<testsuite hostname="AlvinT14" name="Default test" tests="7" failures="0" timestamp="18 Jul 2022 08:14:35 GMT" time="14.445" errors="0">
  <testcase name="test" time="13.266" classname="com.alvin.cases.RegisterCase"/>
  <testcase name="test" time="0.107" classname="com.alvin.cases.RegisterCase"/>
  <testcase name="test" time="0.102" classname="com.alvin.cases.RegisterCase"/>
  <testcase name="test" time="0.094" classname="com.alvin.cases.RegisterCase"/>
  <testcase name="test" time="0.106" classname="com.alvin.cases.RegisterCase"/>
  <testcase name="test" time="0.097" classname="com.alvin.cases.RegisterCase"/>
  <testcase name="test" time="0.26" classname="com.alvin.cases.RegisterCase"/>
</testsuite> <!-- Default test -->
