<?xml version="1.0" encoding="UTF-8"?>
<testng-results skipped="0" failed="0" total="6" passed="6">
  <reporter-output>
  </reporter-output>
  <suite name="xxx项目" duration-ms="2268" started-at="2022-07-19T08:12:50Z" finished-at="2022-07-19T08:12:52Z">
    <groups>
    </groups>
    <test name="用户模块" duration-ms="2268" started-at="2022-07-19T08:12:50Z" finished-at="2022-07-19T08:12:52Z">
      <class name="com.alvin.cases.RegisterCase">
        <test-method status="PASS" signature="test(com.alvin.pojo.API, com.alvin.pojo.Case)[pri:0, instance:com.alvin.cases.RegisterCase@30c7da1e]" name="test" duration-ms="997" started-at="2022-07-19T16:12:51Z" data-provider="datas" finished-at="2022-07-19T16:12:52Z">
          <params>
            <param index="0">
              <value>
                <![CDATA[API [id=1, name=register, method=post, url=http://api.lemonban.com/futureloan/member/register, contentType=json]]]>
              </value>
            </param>
            <param index="1">
              <value>
                <![CDATA[Case [id=1, desc=传手机号,不传密码, params={"mobile_phone":"19000000000","pwd":""}, apiId=1]]]>
              </value>
            </param>
          </params>
          <reporter-output>
          </reporter-output>
        </test-method> <!-- test -->
        <test-method status="PASS" signature="test(com.alvin.pojo.API, com.alvin.pojo.Case)[pri:0, instance:com.alvin.cases.RegisterCase@30c7da1e]" name="test" duration-ms="99" started-at="2022-07-19T16:12:52Z" data-provider="datas" finished-at="2022-07-19T16:12:52Z">
          <params>
            <param index="0">
              <value>
                <![CDATA[API [id=1, name=register, method=post, url=http://api.lemonban.com/futureloan/member/register, contentType=json]]]>
              </value>
            </param>
            <param index="1">
              <value>
                <![CDATA[Case [id=2, desc=不传手机号，传密码, params={"mobile_phone":"","pwd":"123456"}, apiId=1]]]>
              </value>
            </param>
          </params>
          <reporter-output>
          </reporter-output>
        </test-method> <!-- test -->
        <test-method status="PASS" signature="test(com.alvin.pojo.API, com.alvin.pojo.Case)[pri:0, instance:com.alvin.cases.RegisterCase@30c7da1e]" name="test" duration-ms="101" started-at="2022-07-19T16:12:52Z" data-provider="datas" finished-at="2022-07-19T16:12:52Z">
          <params>
            <param index="0">
              <value>
                <![CDATA[API [id=1, name=register, method=post, url=http://api.lemonban.com/futureloan/member/register, contentType=json]]]>
              </value>
            </param>
            <param index="1">
              <value>
                <![CDATA[Case [id=3, desc=不合格的手机号, params={"mobile_phone":"123","pwd":"123456"}, apiId=1]]]>
              </value>
            </param>
          </params>
          <reporter-output>
          </reporter-output>
        </test-method> <!-- test -->
        <test-method status="PASS" signature="test(com.alvin.pojo.API, com.alvin.pojo.Case)[pri:0, instance:com.alvin.cases.RegisterCase@30c7da1e]" name="test" duration-ms="92" started-at="2022-07-19T16:12:52Z" data-provider="datas" finished-at="2022-07-19T16:12:52Z">
          <params>
            <param index="0">
              <value>
                <![CDATA[API [id=1, name=register, method=post, url=http://api.lemonban.com/futureloan/member/register, contentType=json]]]>
              </value>
            </param>
            <param index="1">
              <value>
                <![CDATA[Case [id=4, desc=合格的手机号+不合格密码, params={"mobile_phone":"19000000000","pwd":"12345"}, apiId=1]]]>
              </value>
            </param>
          </params>
          <reporter-output>
          </reporter-output>
        </test-method> <!-- test -->
        <test-method status="PASS" signature="test(com.alvin.pojo.API, com.alvin.pojo.Case)[pri:0, instance:com.alvin.cases.RegisterCase@30c7da1e]" name="test" duration-ms="93" started-at="2022-07-19T16:12:52Z" data-provider="datas" finished-at="2022-07-19T16:12:52Z">
          <params>
            <param index="0">
              <value>
                <![CDATA[API [id=1, name=register, method=post, url=http://api.lemonban.com/futureloan/member/register, contentType=json]]]>
              </value>
            </param>
            <param index="1">
              <value>
                <![CDATA[Case [id=5, desc=合格手机号+合格密码, params={"mobile_phone":"19000000000","pwd":"123456"}, apiId=1]]]>
              </value>
            </param>
          </params>
          <reporter-output>
          </reporter-output>
        </test-method> <!-- test -->
        <test-method status="PASS" signature="test(com.alvin.pojo.API, com.alvin.pojo.Case)[pri:0, instance:com.alvin.cases.RegisterCase@30c7da1e]" name="test" duration-ms="97" started-at="2022-07-19T16:12:52Z" data-provider="datas" finished-at="2022-07-19T16:12:52Z">
          <params>
            <param index="0">
              <value>
                <![CDATA[API [id=1, name=register, method=post, url=http://api.lemonban.com/futureloan/member/register, contentType=json]]]>
              </value>
            </param>
            <param index="1">
              <value>
                <![CDATA[Case [id=6, desc=重复以上的手机号+密码, params={"mobile_phone":"19000000000","pwd":"123456"}, apiId=1]]]>
              </value>
            </param>
          </params>
          <reporter-output>
          </reporter-output>
        </test-method> <!-- test -->
      </class> <!-- com.alvin.cases.RegisterCase -->
    </test> <!-- 用户模块 -->
  </suite> <!-- xxx项目 -->
</testng-results>
