<?xml version="1.0" encoding="UTF-8"?>
<testng-results skipped="0" failed="0" total="16" passed="16">
  <reporter-output>
  </reporter-output>
  <suite name="xxx项目" duration-ms="1983" started-at="2022-07-22T01:19:20Z" finished-at="2022-07-22T01:19:22Z">
    <groups>
    </groups>
    <test name="用户模块" duration-ms="1983" started-at="2022-07-22T01:19:20Z" finished-at="2022-07-22T01:19:22Z">
      <class name="com.alvin.cases.LoginCase">
        <test-method status="PASS" signature="init()[pri:0, instance:com.alvin.cases.LoginCase@17f6480]" name="init" is-config="true" duration-ms="1908" started-at="2022-07-22T09:19:18Z" finished-at="2022-07-22T09:19:20Z">
          <reporter-output>
          </reporter-output>
        </test-method> <!-- init -->
        <test-method status="PASS" signature="test_LoginCase(com.alvin.pojo.API, com.alvin.pojo.Case)[pri:0, instance:com.alvin.cases.LoginCase@17f6480]" name="test_LoginCase" duration-ms="167" started-at="2022-07-22T09:19:21Z" data-provider="datas" finished-at="2022-07-22T09:19:21Z">
          <params>
            <param index="0">
              <value>
                <![CDATA[API [id=2, name=login, method=post, url=http://api.lemonban.com/futureloan/member/login, contentType=json]]]>
              </value>
            </param>
            <param index="1">
              <value>
                <![CDATA[com.alvin.pojo.Case@767e20cf]]>
              </value>
            </param>
          </params>
          <reporter-output>
          </reporter-output>
        </test-method> <!-- test_LoginCase -->
        <test-method status="PASS" signature="test_LoginCase(com.alvin.pojo.API, com.alvin.pojo.Case)[pri:0, instance:com.alvin.cases.LoginCase@17f6480]" name="test_LoginCase" duration-ms="104" started-at="2022-07-22T09:19:21Z" data-provider="datas" finished-at="2022-07-22T09:19:21Z">
          <params>
            <param index="0">
              <value>
                <![CDATA[API [id=2, name=login, method=post, url=http://api.lemonban.com/futureloan/member/login, contentType=json]]]>
              </value>
            </param>
            <param index="1">
              <value>
                <![CDATA[com.alvin.pojo.Case@3a3e78f]]>
              </value>
            </param>
          </params>
          <reporter-output>
          </reporter-output>
        </test-method> <!-- test_LoginCase -->
        <test-method status="PASS" signature="test_LoginCase(com.alvin.pojo.API, com.alvin.pojo.Case)[pri:0, instance:com.alvin.cases.LoginCase@17f6480]" name="test_LoginCase" duration-ms="118" started-at="2022-07-22T09:19:21Z" data-provider="datas" finished-at="2022-07-22T09:19:21Z">
          <params>
            <param index="0">
              <value>
                <![CDATA[API [id=2, name=login, method=post, url=http://api.lemonban.com/futureloan/member/login, contentType=json]]]>
              </value>
            </param>
            <param index="1">
              <value>
                <![CDATA[com.alvin.pojo.Case@301ec38b]]>
              </value>
            </param>
          </params>
          <reporter-output>
          </reporter-output>
        </test-method> <!-- test_LoginCase -->
        <test-method status="PASS" signature="test_LoginCase(com.alvin.pojo.API, com.alvin.pojo.Case)[pri:0, instance:com.alvin.cases.LoginCase@17f6480]" name="test_LoginCase" duration-ms="98" started-at="2022-07-22T09:19:21Z" data-provider="datas" finished-at="2022-07-22T09:19:21Z">
          <params>
            <param index="0">
              <value>
                <![CDATA[API [id=2, name=login, method=post, url=http://api.lemonban.com/futureloan/member/login, contentType=json]]]>
              </value>
            </param>
            <param index="1">
              <value>
                <![CDATA[com.alvin.pojo.Case@17a1e4ca]]>
              </value>
            </param>
          </params>
          <reporter-output>
          </reporter-output>
        </test-method> <!-- test_LoginCase -->
        <test-method status="PASS" signature="finish()[pri:0, instance:com.alvin.cases.LoginCase@17f6480]" name="finish" is-config="true" duration-ms="228" started-at="2022-07-22T09:19:22Z" finished-at="2022-07-22T09:19:22Z">
          <reporter-output>
          </reporter-output>
        </test-method> <!-- finish -->
      </class> <!-- com.alvin.cases.LoginCase -->
      <class name="com.alvin.cases.RechargeCase">
        <test-method status="PASS" signature="test_RechargeCase(com.alvin.pojo.API, com.alvin.pojo.Case)[pri:0, instance:com.alvin.cases.RechargeCase@566776ad]" name="test_RechargeCase" duration-ms="97" started-at="2022-07-22T09:19:21Z" data-provider="datas" finished-at="2022-07-22T09:19:22Z">
          <params>
            <param index="0">
              <value>
                <![CDATA[API [id=3, name=recharge, method=post, url=http://api.lemonban.com/futureloan/member/recharge, contentType=json]]]>
              </value>
            </param>
            <param index="1">
              <value>
                <![CDATA[com.alvin.pojo.Case@7fe7c640]]>
              </value>
            </param>
          </params>
          <reporter-output>
          </reporter-output>
        </test-method> <!-- test_RechargeCase -->
        <test-method status="PASS" signature="test_RechargeCase(com.alvin.pojo.API, com.alvin.pojo.Case)[pri:0, instance:com.alvin.cases.RechargeCase@566776ad]" name="test_RechargeCase" duration-ms="94" started-at="2022-07-22T09:19:22Z" data-provider="datas" finished-at="2022-07-22T09:19:22Z">
          <params>
            <param index="0">
              <value>
                <![CDATA[API [id=3, name=recharge, method=post, url=http://api.lemonban.com/futureloan/member/recharge, contentType=json]]]>
              </value>
            </param>
            <param index="1">
              <value>
                <![CDATA[com.alvin.pojo.Case@7096b474]]>
              </value>
            </param>
          </params>
          <reporter-output>
          </reporter-output>
        </test-method> <!-- test_RechargeCase -->
        <test-method status="PASS" signature="test_RechargeCase(com.alvin.pojo.API, com.alvin.pojo.Case)[pri:0, instance:com.alvin.cases.RechargeCase@566776ad]" name="test_RechargeCase" duration-ms="102" started-at="2022-07-22T09:19:22Z" data-provider="datas" finished-at="2022-07-22T09:19:22Z">
          <params>
            <param index="0">
              <value>
                <![CDATA[API [id=3, name=recharge, method=post, url=http://api.lemonban.com/futureloan/member/recharge, contentType=json]]]>
              </value>
            </param>
            <param index="1">
              <value>
                <![CDATA[com.alvin.pojo.Case@31e4bb20]]>
              </value>
            </param>
          </params>
          <reporter-output>
          </reporter-output>
        </test-method> <!-- test_RechargeCase -->
        <test-method status="PASS" signature="test_RechargeCase(com.alvin.pojo.API, com.alvin.pojo.Case)[pri:0, instance:com.alvin.cases.RechargeCase@566776ad]" name="test_RechargeCase" duration-ms="96" started-at="2022-07-22T09:19:22Z" data-provider="datas" finished-at="2022-07-22T09:19:22Z">
          <params>
            <param index="0">
              <value>
                <![CDATA[API [id=3, name=recharge, method=post, url=http://api.lemonban.com/futureloan/member/recharge, contentType=json]]]>
              </value>
            </param>
            <param index="1">
              <value>
                <![CDATA[com.alvin.pojo.Case@312ab28e]]>
              </value>
            </param>
          </params>
          <reporter-output>
          </reporter-output>
        </test-method> <!-- test_RechargeCase -->
        <test-method status="PASS" signature="test_RechargeCase(com.alvin.pojo.API, com.alvin.pojo.Case)[pri:0, instance:com.alvin.cases.RechargeCase@566776ad]" name="test_RechargeCase" duration-ms="161" started-at="2022-07-22T09:19:22Z" data-provider="datas" finished-at="2022-07-22T09:19:22Z">
          <params>
            <param index="0">
              <value>
                <![CDATA[API [id=3, name=recharge, method=post, url=http://api.lemonban.com/futureloan/member/recharge, contentType=json]]]>
              </value>
            </param>
            <param index="1">
              <value>
                <![CDATA[com.alvin.pojo.Case@45905bff]]>
              </value>
            </param>
          </params>
          <reporter-output>
          </reporter-output>
        </test-method> <!-- test_RechargeCase -->
      </class> <!-- com.alvin.cases.RechargeCase -->
      <class name="com.alvin.cases.RegisterCase">
        <test-method status="PASS" signature="test_RegisterCase(com.alvin.pojo.API, com.alvin.pojo.Case)[pri:0, instance:com.alvin.cases.RegisterCase@6108b2d7]" name="test_RegisterCase" duration-ms="266" started-at="2022-07-22T09:19:20Z" data-provider="datas" finished-at="2022-07-22T09:19:20Z">
          <params>
            <param index="0">
              <value>
                <![CDATA[API [id=1, name=register, method=post, url=http://api.lemonban.com/futureloan/member/register, contentType=json]]]>
              </value>
            </param>
            <param index="1">
              <value>
                <![CDATA[com.alvin.pojo.Case@1ae8bcbc]]>
              </value>
            </param>
          </params>
          <reporter-output>
          </reporter-output>
        </test-method> <!-- test_RegisterCase -->
        <test-method status="PASS" signature="test_RegisterCase(com.alvin.pojo.API, com.alvin.pojo.Case)[pri:0, instance:com.alvin.cases.RegisterCase@6108b2d7]" name="test_RegisterCase" duration-ms="98" started-at="2022-07-22T09:19:20Z" data-provider="datas" finished-at="2022-07-22T09:19:20Z">
          <params>
            <param index="0">
              <value>
                <![CDATA[API [id=1, name=register, method=post, url=http://api.lemonban.com/futureloan/member/register, contentType=json]]]>
              </value>
            </param>
            <param index="1">
              <value>
                <![CDATA[com.alvin.pojo.Case@495b0487]]>
              </value>
            </param>
          </params>
          <reporter-output>
          </reporter-output>
        </test-method> <!-- test_RegisterCase -->
        <test-method status="PASS" signature="test_RegisterCase(com.alvin.pojo.API, com.alvin.pojo.Case)[pri:0, instance:com.alvin.cases.RegisterCase@6108b2d7]" name="test_RegisterCase" duration-ms="106" started-at="2022-07-22T09:19:20Z" data-provider="datas" finished-at="2022-07-22T09:19:21Z">
          <params>
            <param index="0">
              <value>
                <![CDATA[API [id=1, name=register, method=post, url=http://api.lemonban.com/futureloan/member/register, contentType=json]]]>
              </value>
            </param>
            <param index="1">
              <value>
                <![CDATA[com.alvin.pojo.Case@2fc6f97f]]>
              </value>
            </param>
          </params>
          <reporter-output>
          </reporter-output>
        </test-method> <!-- test_RegisterCase -->
        <test-method status="PASS" signature="test_RegisterCase(com.alvin.pojo.API, com.alvin.pojo.Case)[pri:0, instance:com.alvin.cases.RegisterCase@6108b2d7]" name="test_RegisterCase" duration-ms="100" started-at="2022-07-22T09:19:21Z" data-provider="datas" finished-at="2022-07-22T09:19:21Z">
          <params>
            <param index="0">
              <value>
                <![CDATA[API [id=1, name=register, method=post, url=http://api.lemonban.com/futureloan/member/register, contentType=json]]]>
              </value>
            </param>
            <param index="1">
              <value>
                <![CDATA[com.alvin.pojo.Case@53bd8fca]]>
              </value>
            </param>
          </params>
          <reporter-output>
          </reporter-output>
        </test-method> <!-- test_RegisterCase -->
        <test-method status="PASS" signature="test_RegisterCase(com.alvin.pojo.API, com.alvin.pojo.Case)[pri:0, instance:com.alvin.cases.RegisterCase@6108b2d7]" name="test_RegisterCase" duration-ms="101" started-at="2022-07-22T09:19:21Z" data-provider="datas" finished-at="2022-07-22T09:19:21Z">
          <params>
            <param index="0">
              <value>
                <![CDATA[API [id=1, name=register, method=post, url=http://api.lemonban.com/futureloan/member/register, contentType=json]]]>
              </value>
            </param>
            <param index="1">
              <value>
                <![CDATA[com.alvin.pojo.Case@32193bea]]>
              </value>
            </param>
          </params>
          <reporter-output>
          </reporter-output>
        </test-method> <!-- test_RegisterCase -->
        <test-method status="PASS" signature="test_RegisterCase(com.alvin.pojo.API, com.alvin.pojo.Case)[pri:0, instance:com.alvin.cases.RegisterCase@6108b2d7]" name="test_RegisterCase" duration-ms="102" started-at="2022-07-22T09:19:21Z" data-provider="datas" finished-at="2022-07-22T09:19:21Z">
          <params>
            <param index="0">
              <value>
                <![CDATA[API [id=1, name=register, method=post, url=http://api.lemonban.com/futureloan/member/register, contentType=json]]]>
              </value>
            </param>
            <param index="1">
              <value>
                <![CDATA[com.alvin.pojo.Case@584f54e6]]>
              </value>
            </param>
          </params>
          <reporter-output>
          </reporter-output>
        </test-method> <!-- test_RegisterCase -->
        <test-method status="PASS" signature="test_RegisterCase(com.alvin.pojo.API, com.alvin.pojo.Case)[pri:0, instance:com.alvin.cases.RegisterCase@6108b2d7]" name="test_RegisterCase" duration-ms="154" started-at="2022-07-22T09:19:21Z" data-provider="datas" finished-at="2022-07-22T09:19:21Z">
          <params>
            <param index="0">
              <value>
                <![CDATA[API [id=1, name=register, method=post, url=http://api.lemonban.com/futureloan/member/register, contentType=json]]]>
              </value>
            </param>
            <param index="1">
              <value>
                <![CDATA[com.alvin.pojo.Case@1b73be9f]]>
              </value>
            </param>
          </params>
          <reporter-output>
          </reporter-output>
        </test-method> <!-- test_RegisterCase -->
      </class> <!-- com.alvin.cases.RegisterCase -->
    </test> <!-- 用户模块 -->
  </suite> <!-- xxx项目 -->
</testng-results>
