<?xml version="1.0" encoding="UTF-8"?>
<!-- Generated by org.testng.reporters.JUnitXMLReporter -->
<testsuite hostname="AlvinT14" name="Test" tests="3" failures="0" timestamp="28 Jul 2022 03:31:46 GMT" time="24.946" errors="0">
  <testcase name="login_asuccess" time="2.032" classname="com.alvin.testcases.LoginTest"/>
  <testcase name="login_dfailure_01" time="1.483" classname="com.alvin.testcases.LoginTest"/>
  <testcase name="login_dfailure_01" time="1.421" classname="com.alvin.testcases.LoginTest"/>
</testsuite> <!-- Test -->
