<?xml version="1.0" encoding="UTF-8"?>
<!-- Generated by org.testng.reporters.JUnitXMLReporter -->
<testsuite hostname="AlvinT14" name="用户模块" tests="16" failures="0" timestamp="22 Jul 2022 01:19:22 GMT" time="1.983" errors="0">
  <testcase name="test_RegisterCase" time="0.266" classname="com.alvin.cases.RegisterCase"/>
  <testcase name="test_RegisterCase" time="0.098" classname="com.alvin.cases.RegisterCase"/>
  <testcase name="test_RegisterCase" time="0.106" classname="com.alvin.cases.RegisterCase"/>
  <testcase name="test_RegisterCase" time="0.1" classname="com.alvin.cases.RegisterCase"/>
  <testcase name="test_RegisterCase" time="0.101" classname="com.alvin.cases.RegisterCase"/>
  <testcase name="test_RegisterCase" time="0.102" classname="com.alvin.cases.RegisterCase"/>
  <testcase name="test_RegisterCase" time="0.154" classname="com.alvin.cases.RegisterCase"/>
  <testcase name="test_LoginCase" time="0.167" classname="com.alvin.cases.LoginCase"/>
  <testcase name="test_LoginCase" time="0.104" classname="com.alvin.cases.LoginCase"/>
  <testcase name="test_LoginCase" time="0.118" classname="com.alvin.cases.LoginCase"/>
  <testcase name="test_LoginCase" time="0.098" classname="com.alvin.cases.LoginCase"/>
  <testcase name="test_RechargeCase" time="0.097" classname="com.alvin.cases.RechargeCase"/>
  <testcase name="test_RechargeCase" time="0.094" classname="com.alvin.cases.RechargeCase"/>
  <testcase name="test_RechargeCase" time="0.102" classname="com.alvin.cases.RechargeCase"/>
  <testcase name="test_RechargeCase" time="0.096" classname="com.alvin.cases.RechargeCase"/>
  <testcase name="test_RechargeCase" time="0.161" classname="com.alvin.cases.RechargeCase"/>
</testsuite> <!-- 用户模块 -->
