<?xml version="1.0" encoding="UTF-8"?>
<!-- Generated by org.testng.reporters.JUnitXMLReporter -->
<testsuite hostname="AlvinT14" name="用户模块" tests="16" failures="0" timestamp="22 Jul 2022 02:23:54 GMT" time="1.898" errors="0">
  <testcase name="test_RegisterCase" time="0.234" classname="com.alvin.cases.RegisterCase"/>
  <testcase name="test_RegisterCase" time="0.1" classname="com.alvin.cases.RegisterCase"/>
  <testcase name="test_RegisterCase" time="0.094" classname="com.alvin.cases.RegisterCase"/>
  <testcase name="test_RegisterCase" time="0.094" classname="com.alvin.cases.RegisterCase"/>
  <testcase name="test_RegisterCase" time="0.096" classname="com.alvin.cases.RegisterCase"/>
  <testcase name="test_RegisterCase" time="0.096" classname="com.alvin.cases.RegisterCase"/>
  <testcase name="test_RegisterCase" time="0.156" classname="com.alvin.cases.RegisterCase"/>
  <testcase name="test_LoginCase" time="0.168" classname="com.alvin.cases.LoginCase"/>
  <testcase name="test_LoginCase" time="0.096" classname="com.alvin.cases.LoginCase"/>
  <testcase name="test_LoginCase" time="0.095" classname="com.alvin.cases.LoginCase"/>
  <testcase name="test_LoginCase" time="0.098" classname="com.alvin.cases.LoginCase"/>
  <testcase name="test_RechargeCase" time="0.094" classname="com.alvin.cases.RechargeCase"/>
  <testcase name="test_RechargeCase" time="0.1" classname="com.alvin.cases.RechargeCase"/>
  <testcase name="test_RechargeCase" time="0.1" classname="com.alvin.cases.RechargeCase"/>
  <testcase name="test_RechargeCase" time="0.1" classname="com.alvin.cases.RechargeCase"/>
  <testcase name="test_RechargeCase" time="0.159" classname="com.alvin.cases.RechargeCase"/>
</testsuite> <!-- 用户模块 -->
