-------------------------------------------------------------------------------
Test set: TestSuite
-------------------------------------------------------------------------------
Tests run: 5, Failures: 1, Errors: 0, Skipped: 4, Time elapsed: 4.75 s <<< FAILURE! - in TestSuite
init(com.alvin.cases.RegisterCase)  Time elapsed: 4.401 s  <<< FAILURE!
java.lang.NullPointerException

